[13:52:20.018] [INFO] storybook v10.1.7
[13:52:20.157] [DEBUG] Getting package.json info for /Users/chobiwataru/dev/react-course/mui-sample/package.json...
[13:52:20.547] [DEBUG] Serving static files from [36mmui-sample/public[39m at [36m/[39m
[13:52:20.551] [INFO] Starting...
[13:52:20.560] [WARN] unable to find package.json for @mui/icons-material
[13:52:20.683] [DEBUG] Starting preview..
[13:52:20.688] [INFO] Loading Webpack configuration from `node_modules/react-scripts`
[13:52:20.689] [INFO] Removing existing JavaScript and TypeScript rules.
[13:52:21.122] [INFO] Modifying Create React App rules.
[13:52:21.130] [INFO] Addon-docs: using MDX3
[13:52:21.144] [INFO] Using default Webpack5 setup
[13:52:24.022] [ERROR] Failed to build the preview
[13:52:24.025] [WARN] Force closed preview build
[13:52:24.026] [ERROR] [38;2;241;97;97mSB_BUILDER-WEBPACK5_0003 (WebpackCompilationError): There were problems when compiling your code with Webpack.
Run Storybook with --debug-webpack for more information.[39m
    at starter (file://./node_modules/@storybook/builder-webpack5/dist/index.js:799:11)
    at starter.next (<anonymous>)
    at Module.start (file://./node_modules/@storybook/builder-webpack5/dist/index.js:857:34)
    at process.processTicksAndRejections (node:internal/process/task_queues:105:5)
    at async storybookDevServer (file://./node_modules/storybook/dist/core-server/index.js:6806:82)
    at async buildOrThrow (file://./node_modules/storybook/dist/core-server/index.js:5555:12)
    at async buildDevStandalone (file://./node_modules/storybook/dist/core-server/index.js:7208:66)
    at async withTelemetry (file://./node_modules/storybook/dist/_node-chunks/chunk-H5UMVQS5.js:209:12)
    at async dev (file://./node_modules/storybook/dist/bin/core.js:2734:3)
    at async _Command.<anonymous> (file://./node_modules/storybook/dist/bin/core.js:2801:92)
[13:52:24.027] [WARN] Broken build, fix the error above.
You may need to refresh the browser.